<?xml version="1.0" encoding="UTF-8"?>
<testng-results ignored="0" total="16" passed="16" failed="0" skipped="0">
  <reporter-output>
  </reporter-output>
  <suite started-at="2021-05-24T09:33:32Z" name="Default suite" finished-at="2021-05-24T09:35:50Z" duration-ms="138530">
    <groups>
    </groups>
    <test started-at="2021-05-24T09:33:32Z" name="Default test" finished-at="2021-05-24T09:35:50Z" duration-ms="138530">
      <class name="com.tripadvisor.tests.HolidayHomesTest">
        <test-method is-config="true" signature="setUp()[pri:0, instance:com.tripadvisor.tests.HolidayHomesTest@52c8295b]" started-at="2021-05-24T09:33:32Z" name="setUp" finished-at="2021-05-24T09:34:01Z" duration-ms="29050" status="PASS">
          <reporter-output>
          </reporter-output>
        </test-method> <!-- setUp -->
        <test-method signature="invalidLocationTest()[pri:0, instance:com.tripadvisor.tests.HolidayHomesTest@52c8295b]" started-at="2021-05-24T09:34:01Z" name="invalidLocationTest" finished-at="2021-05-24T09:34:19Z" duration-ms="18386" status="PASS">
          <reporter-output>
          </reporter-output>
        </test-method> <!-- invalidLocationTest -->
        <test-method signature="verifySearchLocationTitleTest(java.lang.String, java.lang.String, java.lang.String)[pri:0, instance:com.tripadvisor.tests.HolidayHomesTest@52c8295b]" started-at="2021-05-24T09:34:21Z" name="verifySearchLocationTitleTest" data-provider="holidayHomesData" finished-at="2021-05-24T09:34:32Z" depends-on-methods="com.tripadvisor.tests.HolidayHomesTest.invalidLocationTest" duration-ms="10551" status="PASS">
          <params>
            <param index="0">
              <value>
                <![CDATA[Nairobi]]>
              </value>
            </param>
            <param index="1">
              <value>
                <![CDATA[4]]>
              </value>
            </param>
            <param index="2">
              <value>
                <![CDATA[Traveller Rating]]>
              </value>
            </param>
          </params>
          <reporter-output>
          </reporter-output>
        </test-method> <!-- verifySearchLocationTitleTest -->
        <test-method signature="holidayHomesTest(java.lang.String, java.lang.String, java.lang.String)[pri:0, instance:com.tripadvisor.tests.HolidayHomesTest@52c8295b]" started-at="2021-05-24T09:34:32Z" name="holidayHomesTest" data-provider="holidayHomesData" finished-at="2021-05-24T09:35:05Z" depends-on-methods="com.tripadvisor.tests.HolidayHomesTest.verifySearchLocationTitleTest" duration-ms="33213" status="PASS">
          <params>
            <param index="0">
              <value>
                <![CDATA[Nairobi]]>
              </value>
            </param>
            <param index="1">
              <value>
                <![CDATA[4]]>
              </value>
            </param>
            <param index="2">
              <value>
                <![CDATA[Traveller Rating]]>
              </value>
            </param>
          </params>
          <reporter-output>
          </reporter-output>
        </test-method> <!-- holidayHomesTest -->
        <test-method signature="verifyBookNowTest()[pri:0, instance:com.tripadvisor.tests.HolidayHomesTest@52c8295b]" started-at="2021-05-24T09:35:06Z" name="verifyBookNowTest" finished-at="2021-05-24T09:35:35Z" depends-on-methods="com.tripadvisor.tests.HolidayHomesTest.holidayHomesTest" duration-ms="29123" status="PASS">
          <reporter-output>
          </reporter-output>
        </test-method> <!-- verifyBookNowTest -->
        <test-method signature="verifyHotelCheckInTest()[pri:0, instance:com.tripadvisor.tests.HolidayHomesTest@52c8295b]" started-at="2021-05-24T09:35:35Z" name="verifyHotelCheckInTest" finished-at="2021-05-24T09:35:35Z" depends-on-methods="com.tripadvisor.tests.HolidayHomesTest.verifyBookNowTest" duration-ms="60" status="PASS">
          <reporter-output>
          </reporter-output>
        </test-method> <!-- verifyHotelCheckInTest -->
        <test-method signature="verifyHotelCheckOutTest()[pri:0, instance:com.tripadvisor.tests.HolidayHomesTest@52c8295b]" started-at="2021-05-24T09:35:35Z" name="verifyHotelCheckOutTest" finished-at="2021-05-24T09:35:35Z" depends-on-methods="com.tripadvisor.tests.HolidayHomesTest.verifyHotelCheckInTest" duration-ms="61" status="PASS">
          <reporter-output>
          </reporter-output>
        </test-method> <!-- verifyHotelCheckOutTest -->
        <test-method signature="verifyHotelGuestsTest(java.lang.String, java.lang.String, java.lang.String)[pri:0, instance:com.tripadvisor.tests.HolidayHomesTest@52c8295b]" started-at="2021-05-24T09:35:36Z" name="verifyHotelGuestsTest" data-provider="holidayHomesData" finished-at="2021-05-24T09:35:36Z" depends-on-methods="com.tripadvisor.tests.HolidayHomesTest.verifyHotelCheckOutTest" duration-ms="70" status="PASS">
          <params>
            <param index="0">
              <value>
                <![CDATA[Nairobi]]>
              </value>
            </param>
            <param index="1">
              <value>
                <![CDATA[4]]>
              </value>
            </param>
            <param index="2">
              <value>
                <![CDATA[Traveller Rating]]>
              </value>
            </param>
          </params>
          <reporter-output>
          </reporter-output>
        </test-method> <!-- verifyHotelGuestsTest -->
        <test-method signature="verifyHotelElevatorTest()[pri:0, instance:com.tripadvisor.tests.HolidayHomesTest@52c8295b]" started-at="2021-05-24T09:35:36Z" name="verifyHotelElevatorTest" finished-at="2021-05-24T09:35:37Z" depends-on-methods="com.tripadvisor.tests.HolidayHomesTest.verifyHotelGuestsTest" duration-ms="673" status="PASS">
          <reporter-output>
          </reporter-output>
        </test-method> <!-- verifyHotelElevatorTest -->
        <test-method signature="clearAllFiltersTest()[pri:0, instance:com.tripadvisor.tests.HolidayHomesTest@52c8295b]" started-at="2021-05-24T09:35:37Z" name="clearAllFiltersTest" finished-at="2021-05-24T09:35:38Z" depends-on-methods="com.tripadvisor.tests.HolidayHomesTest.verifyHotelElevatorTest" duration-ms="1068" status="PASS">
          <reporter-output>
          </reporter-output>
        </test-method> <!-- clearAllFiltersTest -->
        <test-method signature="showPricesButtonTest()[pri:0, instance:com.tripadvisor.tests.HolidayHomesTest@52c8295b]" started-at="2021-05-24T09:35:38Z" name="showPricesButtonTest" finished-at="2021-05-24T09:35:39Z" depends-on-methods="com.tripadvisor.tests.HolidayHomesTest.clearAllFiltersTest" duration-ms="32" status="PASS">
          <reporter-output>
          </reporter-output>
        </test-method> <!-- showPricesButtonTest -->
        <test-method signature="bookNowButtonTest()[pri:0, instance:com.tripadvisor.tests.HolidayHomesTest@52c8295b]" started-at="2021-05-24T09:35:39Z" name="bookNowButtonTest" finished-at="2021-05-24T09:35:43Z" depends-on-methods="com.tripadvisor.tests.HolidayHomesTest.showPricesButtonTest" duration-ms="4056" status="PASS">
          <reporter-output>
          </reporter-output>
        </test-method> <!-- bookNowButtonTest -->
        <test-method signature="verifyCheckInSelectedTest()[pri:0, instance:com.tripadvisor.tests.HolidayHomesTest@52c8295b]" started-at="2021-05-24T09:35:43Z" name="verifyCheckInSelectedTest" finished-at="2021-05-24T09:35:43Z" depends-on-methods="com.tripadvisor.tests.HolidayHomesTest.bookNowButtonTest" duration-ms="63" status="PASS">
          <reporter-output>
          </reporter-output>
        </test-method> <!-- verifyCheckInSelectedTest -->
        <test-method signature="verifyCheckOutSelectedTest()[pri:0, instance:com.tripadvisor.tests.HolidayHomesTest@52c8295b]" started-at="2021-05-24T09:35:43Z" name="verifyCheckOutSelectedTest" finished-at="2021-05-24T09:35:43Z" depends-on-methods="com.tripadvisor.tests.HolidayHomesTest.verifyCheckInSelectedTest" duration-ms="65" status="PASS">
          <reporter-output>
          </reporter-output>
        </test-method> <!-- verifyCheckOutSelectedTest -->
        <test-method signature="verifyCheckInOutFilterTest()[pri:0, instance:com.tripadvisor.tests.HolidayHomesTest@52c8295b]" started-at="2021-05-24T09:35:44Z" name="verifyCheckInOutFilterTest" finished-at="2021-05-24T09:35:44Z" depends-on-methods="com.tripadvisor.tests.HolidayHomesTest.verifyCheckOutSelectedTest" duration-ms="211" status="PASS">
          <reporter-output>
          </reporter-output>
        </test-method> <!-- verifyCheckInOutFilterTest -->
        <test-method signature="verifyElevatorFilterAppliedTest()[pri:0, instance:com.tripadvisor.tests.HolidayHomesTest@52c8295b]" started-at="2021-05-24T09:35:44Z" name="verifyElevatorFilterAppliedTest" finished-at="2021-05-24T09:35:45Z" depends-on-methods="com.tripadvisor.tests.HolidayHomesTest.verifyCheckInOutFilterTest" duration-ms="854" status="PASS">
          <reporter-output>
          </reporter-output>
        </test-method> <!-- verifyElevatorFilterAppliedTest -->
        <test-method signature="verifyPastDateNotSelectedTest()[pri:0, instance:com.tripadvisor.tests.HolidayHomesTest@52c8295b]" started-at="2021-05-24T09:35:45Z" name="verifyPastDateNotSelectedTest" finished-at="2021-05-24T09:35:49Z" depends-on-methods="com.tripadvisor.tests.HolidayHomesTest.verifyElevatorFilterAppliedTest" duration-ms="3540" status="PASS">
          <reporter-output>
          </reporter-output>
        </test-method> <!-- verifyPastDateNotSelectedTest -->
        <test-method is-config="true" signature="afterTest()[pri:0, instance:com.tripadvisor.tests.HolidayHomesTest@52c8295b]" started-at="2021-05-24T09:35:49Z" name="afterTest" finished-at="2021-05-24T09:35:50Z" duration-ms="1236" status="PASS">
          <reporter-output>
          </reporter-output>
        </test-method> <!-- afterTest -->
      </class> <!-- com.tripadvisor.tests.HolidayHomesTest -->
    </test> <!-- Default test -->
  </suite> <!-- Default suite -->
</testng-results>
