<?xml version="1.0" encoding="UTF-8"?>
<testsuite xmlns:xsi="http://www.w3.org/2001/XMLSchema-instance" xsi:noNamespaceSchemaLocation="https://maven.apache.org/surefire/maven-surefire-plugin/xsd/surefire-test-report.xsd" name="TestSuite" time="284.285" tests="21" errors="0" skipped="4" failures="1">
  <properties>
[...]
</properties>
  <testcase name="verifyCruisesPageTitleTest" classname="com.tripadvisor.tests.CruisesTest" time="70.928">
    <failure message="expected [Cruises - Cheap Cruise Holidays: 2020 Destinations &amp; Ports - Tripadvisor] but found [Cruises - Cheap Cruise Holidays: 2021 Destinations &amp; Ports - Tripadvisor]" type="java.lang.AssertionError"><![CDATA[java.lang.AssertionError: expected [Cruises - Cheap Cruise Holidays: 2020 Destinations & Ports - Tripadvisor] but found [Cruises - Cheap Cruise Holidays: 2021 Destinations & Ports - Tripadvisor]
	at com.tripadvisor.tests.CruisesTest.verifyCruisesPageTitleTest(CruisesTest.java:51)
]]></failure>
    <system-err><![CDATA[Starting ChromeDriver 89.0.4389.23 (61b08ee2c50024bab004e48d2b1b083cdbdac579-refs/branch-heads/4389@{#294}) on port 11811
Only local connections are allowed.
Please see https://chromedriver.chromium.org/security-considerations for suggestions on keeping ChromeDriver safe.
ChromeDriver was started successfully.
[1621849060.244][WARNING]: This version of ChromeDriver has not been tested with Chrome version 90.
May 24, 2021 3:07:40 PM org.openqa.selenium.remote.ProtocolHandshake createSession
INFO: Detected dialect: W3C
]]></system-err>
  </testcase>
  <testcase name="verifySearchNotActivatedTest" classname="com.tripadvisor.tests.CruisesTest" time="0">
    <skipped message="Method CruisesTest.verifySearchNotActivatedTest()[pri:0, instance:com.tripadvisor.tests.CruisesTest@7966baa7] depends on not successfully finished methods"/>
  </testcase>
  <testcase name="verifyShipDropDownNotActivatedTest" classname="com.tripadvisor.tests.CruisesTest" time="0">
    <skipped message="Method CruisesTest.verifyShipDropDownNotActivatedTest()[pri:0, instance:com.tripadvisor.tests.CruisesTest@7966baa7] depends on not successfully finished methods"/>
  </testcase>
  <testcase name="verifyCruiseIsSelectedTest" classname="com.tripadvisor.tests.CruisesTest" time="0">
    <skipped message="Method CruisesTest.verifyCruiseIsSelectedTest(java.lang.String, java.lang.String)[pri:0, instance:com.tripadvisor.tests.CruisesTest@7966baa7] depends on not successfully finished methods"/>
  </testcase>
  <testcase name="cruiseDetailsTest" classname="com.tripadvisor.tests.CruisesTest" time="0">
    <skipped message="Method CruisesTest.cruiseDetailsTest(java.lang.String, java.lang.String)[pri:0, instance:com.tripadvisor.tests.CruisesTest@7966baa7] depends on not successfully finished methods"/>
  </testcase>
  <testcase name="invalidLocationTest" classname="com.tripadvisor.tests.HolidayHomesTest" time="18.331"/>
  <testcase name="verifySearchLocationTitleTest" classname="com.tripadvisor.tests.HolidayHomesTest" time="11.677"/>
  <testcase name="holidayHomesTest" classname="com.tripadvisor.tests.HolidayHomesTest" time="60.406"/>
  <testcase name="verifyBookNowTest" classname="com.tripadvisor.tests.HolidayHomesTest" time="21.106"/>
  <testcase name="verifyHotelCheckInTest" classname="com.tripadvisor.tests.HolidayHomesTest" time="0.379"/>
  <testcase name="verifyHotelCheckOutTest" classname="com.tripadvisor.tests.HolidayHomesTest" time="0.388"/>
  <testcase name="verifyHotelGuestsTest" classname="com.tripadvisor.tests.HolidayHomesTest" time="0.366"/>
  <testcase name="verifyHotelElevatorTest" classname="com.tripadvisor.tests.HolidayHomesTest" time="1.683"/>
  <testcase name="clearAllFiltersTest" classname="com.tripadvisor.tests.HolidayHomesTest" time="2.608"/>
  <testcase name="showPricesButtonTest" classname="com.tripadvisor.tests.HolidayHomesTest" time="0.85"/>
  <testcase name="bookNowButtonTest" classname="com.tripadvisor.tests.HolidayHomesTest" time="4.541"/>
  <testcase name="verifyCheckInSelectedTest" classname="com.tripadvisor.tests.HolidayHomesTest" time="0.333"/>
  <testcase name="verifyCheckOutSelectedTest" classname="com.tripadvisor.tests.HolidayHomesTest" time="0.291"/>
  <testcase name="verifyCheckInOutFilterTest" classname="com.tripadvisor.tests.HolidayHomesTest" time="0.461"/>
  <testcase name="verifyElevatorFilterAppliedTest" classname="com.tripadvisor.tests.HolidayHomesTest" time="1.45"/>
  <testcase name="verifyPastDateNotSelectedTest" classname="com.tripadvisor.tests.HolidayHomesTest" time="4.134"/>
</testsuite>