<?xml version="1.0" encoding="UTF-8"?>
<!-- Generated by org.testng.reporters.JUnitXMLReporter -->
<testsuite ignored="0" hostname="admin-PC" failures="0" tests="16" name="Default test" time="138.53" errors="0" timestamp="24 May 2021 09:35:51 GMT">
  <testcase classname="com.tripadvisor.tests.HolidayHomesTest" name="invalidLocationTest" time="18.386"/>
  <testcase classname="com.tripadvisor.tests.HolidayHomesTest" name="verifySearchLocationTitleTest" time="10.551"/>
  <testcase classname="com.tripadvisor.tests.HolidayHomesTest" name="holidayHomesTest" time="33.213"/>
  <testcase classname="com.tripadvisor.tests.HolidayHomesTest" name="verifyBookNowTest" time="29.123"/>
  <testcase classname="com.tripadvisor.tests.HolidayHomesTest" name="verifyHotelCheckInTest" time="0.06"/>
  <testcase classname="com.tripadvisor.tests.HolidayHomesTest" name="verifyHotelCheckOutTest" time="0.061"/>
  <testcase classname="com.tripadvisor.tests.HolidayHomesTest" name="verifyHotelGuestsTest" time="0.07"/>
  <testcase classname="com.tripadvisor.tests.HolidayHomesTest" name="verifyHotelElevatorTest" time="0.673"/>
  <testcase classname="com.tripadvisor.tests.HolidayHomesTest" name="clearAllFiltersTest" time="1.068"/>
  <testcase classname="com.tripadvisor.tests.HolidayHomesTest" name="showPricesButtonTest" time="0.032"/>
  <testcase classname="com.tripadvisor.tests.HolidayHomesTest" name="bookNowButtonTest" time="4.056"/>
  <testcase classname="com.tripadvisor.tests.HolidayHomesTest" name="verifyCheckInSelectedTest" time="0.063"/>
  <testcase classname="com.tripadvisor.tests.HolidayHomesTest" name="verifyCheckOutSelectedTest" time="0.065"/>
  <testcase classname="com.tripadvisor.tests.HolidayHomesTest" name="verifyCheckInOutFilterTest" time="0.211"/>
  <testcase classname="com.tripadvisor.tests.HolidayHomesTest" name="verifyElevatorFilterAppliedTest" time="0.854"/>
  <testcase classname="com.tripadvisor.tests.HolidayHomesTest" name="verifyPastDateNotSelectedTest" time="3.54"/>
</testsuite> <!-- Default test -->
